This file contains any messages produced by compilers while
running configure, to aid debugging if configure makes a mistake.

It was created by QECODE configure 1.2, which was
generated by GNU Autoconf 2.61.  Invocation command line was

  $ ./configure --disable-option-checking --prefix=/usr/local --enable-debug --disable-qt --disable-gist --disable-set-vars --disable-flatzinc --disable-cpltset-vars --disable-graph --cache-file=/dev/null --srcdir=.

## --------- ##
## Platform. ##
## --------- ##

hostname = tilinux
uname -m = x86_64
uname -r = 2.6.32-23-generic
uname -s = Linux
uname -v = #37-Ubuntu SMP Fri Jun 11 08:03:28 UTC 2010

/usr/bin/uname -p = unknown
/bin/uname -X     = unknown

/bin/arch              = unknown
/usr/bin/arch -k       = unknown
/usr/convex/getsysinfo = unknown
/usr/bin/hostinfo      = unknown
/bin/machine           = unknown
/usr/bin/oslevel       = unknown
/bin/universe          = unknown

PATH: /usr/local/sbin
PATH: /usr/local/bin
PATH: /usr/sbin
PATH: /usr/bin
PATH: /sbin
PATH: /bin
PATH: /usr/games


## ----------- ##
## Core tests. ##
## ----------- ##


## ---------------------- ##
## Running config.status. ##
## ---------------------- ##

This file was extended by GECODE config.status 3.4.0, which was
generated by GNU Autoconf 2.65.  Invocation command line was

  CONFIG_FILES    = 
  CONFIG_HEADERS  = 
  CONFIG_LINKS    = 
  CONFIG_COMMANDS = 
  $ ../../config.status --file Makefile.in:Makefile.in.in

on tilinux

config.status:918: creating Makefile.in
configure:1763: creating ./config.status

## ---------------------- ##
## Running config.status. ##
## ---------------------- ##

This file was extended by QECODE config.status 1.2, which was
generated by GNU Autoconf 2.61.  Invocation command line was

  CONFIG_FILES    = 
  CONFIG_HEADERS  = 
  CONFIG_LINKS    = 
  CONFIG_COMMANDS = 
  $ ./config.status 

on tilinux

config.status:571: creating Makefile
config.status:751: executing Makefile.in commands

## ---------------- ##
## Cache variables. ##
## ---------------- ##

ac_cv_env_build_alias_set=
ac_cv_env_build_alias_value=
ac_cv_env_host_alias_set=
ac_cv_env_host_alias_value=
ac_cv_env_target_alias_set=
ac_cv_env_target_alias_value=

## ----------------- ##
## Output variables. ##
## ----------------- ##

DEFS='-DPACKAGE_NAME=\"QECODE\" -DPACKAGE_TARNAME=\"qecode\" -DPACKAGE_VERSION=\"1.2\" -DPACKAGE_STRING=\"QECODE\ 1.2\" -DPACKAGE_BUGREPORT=\"jeremie.vautard@univ-orleans.fr\"'
ECHO_C=''
ECHO_N='-n'
ECHO_T=''
LIBOBJS=''
LIBS=''
LTLIBOBJS=''
PACKAGE_BUGREPORT='jeremie.vautard@univ-orleans.fr'
PACKAGE_NAME='QECODE'
PACKAGE_STRING='QECODE 1.2'
PACKAGE_TARNAME='qecode'
PACKAGE_VERSION='1.2'
PATH_SEPARATOR=':'
QECODE='qecode'
SHELL='/bin/bash'
bindir='${exec_prefix}/bin'
build_alias=''
datadir='${datarootdir}'
datarootdir='${prefix}/share'
docdir='${datarootdir}/doc/${PACKAGE_TARNAME}'
dvidir='${docdir}'
exec_prefix='${prefix}'
host_alias=''
htmldir='${docdir}'
includedir='${prefix}/include'
infodir='${datarootdir}/info'
libdir='${exec_prefix}/lib'
libexecdir='${exec_prefix}/libexec'
localedir='${datarootdir}/locale'
localstatedir='${prefix}/var'
mandir='${datarootdir}/man'
oldincludedir='/usr/include'
pdfdir='${docdir}'
prefix='/usr/local'
program_transform_name='s,x,x,'
psdir='${docdir}'
sbindir='${exec_prefix}/sbin'
sharedstatedir='${prefix}/com'
sysconfdir='${prefix}/etc'
target_alias=''

## ----------- ##
## confdefs.h. ##
## ----------- ##

#define PACKAGE_NAME "QECODE"
#define PACKAGE_TARNAME "qecode"
#define PACKAGE_VERSION "1.2"
#define PACKAGE_STRING "QECODE 1.2"
#define PACKAGE_BUGREPORT "jeremie.vautard@univ-orleans.fr"

configure: exit 0
